# JRE version: OpenJDK Runtime Environment Temurin-17.0.8.1+1 (17.0.8.1+1) (build 17.0.8.1+1)
# Java VM: OpenJDK 64-Bit Server VM Temurin-17.0.8.1+1 (17.0.8.1+1, mixed mode, tiered, compressed oops, compressed class ptrs, parallel gc, windows-amd64)
GC Precious Log:
 CPUs: 8 total, 8 available
 Memory: 16342M
 Large Page Support: Disabled
 NUMA Support: Disabled
 Compressed Oops: Enabled (32-bit)
 Alignments: Space 512K, Generation 512K, Heap 2M
 Heap Min Capacity: 100M
 Heap Initial Capacity: 100M
 Heap Max Capacity: 1G
 Pre-touch: Disabled
 Parallel Workers: 8
Heap:
 PSYoungGen      total 4096K, used 2406K [0x00000000eab00000, 0x00000000eb080000, 0x0000000100000000)
  eden space 3072K, 59% used [0x00000000eab00000,0x00000000eaccc698,0x00000000eae00000)
  from space 1024K, 55% used [0x00000000eae80000,0x00000000eaf0d200,0x00000000eaf80000)
  to   space 1024K, 0% used [0x00000000eaf80000,0x00000000eaf80000,0x00000000eb080000)
 ParOldGen       total 318976K, used 263655K [0x00000000c0000000, 0x00000000d3780000, 0x00000000eab00000)
  object space 318976K, 82% used [0x00000000c0000000,0x00000000d0179d20,0x00000000d3780000)
 Metaspace       used 95610K, committed 96960K, reserved 1179648K
  class space    used 9542K, committed 10112K, reserved 1048576K
GC Heap History (20 events):
Event: 4595.109 GC heap before
{Heap before GC invocations=8725 (full 113):
 PSYoungGen      total 2048K, used 1100K [0x00000000eab00000, 0x00000000eae00000, 0x0000000100000000)
  eden space 512K, 100% used [0x00000000eab00000,0x00000000eab80000,0x00000000eab80000)
  from space 1536K, 38% used [0x00000000eab80000,0x00000000eac13140,0x00000000ead00000)
  to   space 1024K, 0% used [0x00000000ead00000,0x00000000ead00000,0x00000000eae00000)
 ParOldGen       total 318976K, used 251670K [0x00000000c0000000, 0x00000000d3780000, 0x00000000eab00000)
  object space 318976K, 78% used [0x00000000c0000000,0x00000000cf5c5b90,0x00000000d3780000)
 Metaspace       used 95521K, committed 96960K, reserved 1179648K
  class space    used 9530K, committed 10112K, reserved 1048576K
}
Event: 4595.110 GC heap after
{Heap after GC invocations=8725 (full 113):
 PSYoungGen      total 2048K, used 608K [0x00000000eab00000, 0x00000000eae00000, 0x0000000100000000)
  eden space 1024K, 0% used [0x00000000eab00000,0x00000000eab00000,0x00000000eac00000)
  from space 1024K, 59% used [0x00000000ead00000,0x00000000ead98000,0x00000000eae00000)
  to   space 1024K, 0% used [0x00000000eac00000,0x00000000eac00000,0x00000000ead00000)
 ParOldGen       total 318976K, used 252211K [0x00000000c0000000, 0x00000000d3780000, 0x00000000eab00000)
  object space 318976K, 79% used [0x00000000c0000000,0x00000000cf64ccd0,0x00000000d3780000)
 Metaspace       used 95521K, committed 96960K, reserved 1179648K
  class space    used 9530K, committed 10112K, reserved 1048576K
}
Event: 4595.114 GC heap before
{Heap before GC invocations=8726 (full 113):
 PSYoungGen      total 2048K, used 1632K [0x00000000eab00000, 0x00000000eae00000, 0x0000000100000000)
  eden space 1024K, 100% used [0x00000000eab00000,0x00000000eac00000,0x00000000eac00000)
  from space 1024K, 59% used [0x00000000ead00000,0x00000000ead98000,0x00000000eae00000)
  to   space 1024K, 0% used [0x00000000eac00000,0x00000000eac00000,0x00000000ead00000)
 ParOldGen       total 318976K, used 252211K [0x00000000c0000000, 0x00000000d3780000, 0x00000000eab00000)
  object space 318976K, 79% used [0x00000000c0000000,0x00000000cf64ccd0,0x00000000d3780000)
 Metaspace       used 95521K, committed 96960K, reserved 1179648K
  class space    used 9530K, committed 10112K, reserved 1048576K
}
Event: 4595.116 GC heap after
{Heap after GC invocations=8726 (full 113):
 PSYoungGen      total 2048K, used 1024K [0x00000000eab00000, 0x00000000eb080000, 0x0000000100000000)
  eden space 1024K, 0% used [0x00000000eab00000,0x00000000eab00000,0x00000000eac00000)
  from space 1024K, 100% used [0x00000000eac00000,0x00000000ead00000,0x00000000ead00000)
  to   space 2048K, 0% used [0x00000000eae80000,0x00000000eae80000,0x00000000eb080000)
 ParOldGen       total 318976K, used 252755K [0x00000000c0000000, 0x00000000d3780000, 0x00000000eab00000)
  object space 318976K, 79% used [0x00000000c0000000,0x00000000cf6d4cd0,0x00000000d3780000)
 Metaspace       used 95521K, committed 96960K, reserved 1179648K
  class space    used 9530K, committed 10112K, reserved 1048576K
}
Event: 4595.121 GC heap before
{Heap before GC invocations=8727 (full 113):
 PSYoungGen      total 2048K, used 2048K [0x00000000eab00000, 0x00000000eb080000, 0x0000000100000000)
  eden space 1024K, 100% used [0x00000000eab00000,0x00000000eac00000,0x00000000eac00000)
  from space 1024K, 100% used [0x00000000eac00000,0x00000000ead00000,0x00000000ead00000)
  to   space 2048K, 0% used [0x00000000eae80000,0x00000000eae80000,0x00000000eb080000)
 ParOldGen       total 318976K, used 252755K [0x00000000c0000000, 0x00000000d3780000, 0x00000000eab00000)
  object space 318976K, 79% used [0x00000000c0000000,0x00000000cf6d4cd0,0x00000000d3780000)
 Metaspace       used 95521K, committed 96960K, reserved 1179648K
  class space    used 9530K, committed 10112K, reserved 1048576K
}
Event: 4595.123 GC heap after
{Heap after GC invocations=8727 (full 113):
 PSYoungGen      total 3072K, used 1088K [0x00000000eab00000, 0x00000000eb000000, 0x0000000100000000)
  eden space 1536K, 0% used [0x00000000eab00000,0x00000000eab00000,0x00000000eac80000)
  from space 1536K, 70% used [0x00000000eae80000,0x00000000eaf90000,0x00000000eb000000)
  to   space 1536K, 0% used [0x00000000ead00000,0x00000000ead00000,0x00000000eae80000)
 ParOldGen       total 318976K, used 253755K [0x00000000c0000000, 0x00000000d3780000, 0x00000000eab00000)
  object space 318976K, 79% used [0x00000000c0000000,0x00000000cf7cecd0,0x00000000d3780000)
 Metaspace       used 95521K, committed 96960K, reserved 1179648K
  class space    used 9530K, committed 10112K, reserved 1048576K
}
Event: 4595.131 GC heap before
{Heap before GC invocations=8728 (full 113):
 PSYoungGen      total 3072K, used 2624K [0x00000000eab00000, 0x00000000eb000000, 0x0000000100000000)
  eden space 1536K, 100% used [0x00000000eab00000,0x00000000eac80000,0x00000000eac80000)
  from space 1536K, 70% used [0x00000000eae80000,0x00000000eaf90000,0x00000000eb000000)
  to   space 1536K, 0% used [0x00000000ead00000,0x00000000ead00000,0x00000000eae80000)
 ParOldGen       total 318976K, used 253755K [0x00000000c0000000, 0x00000000d3780000, 0x00000000eab00000)
  object space 318976K, 79% used [0x00000000c0000000,0x00000000cf7cecd0,0x00000000d3780000)
 Metaspace       used 95521K, committed 96960K, reserved 1179648K
  class space    used 9530K, committed 10112K, reserved 1048576K
}
Event: 4595.133 GC heap after
{Heap after GC invocations=8728 (full 113):
 PSYoungGen      total 3584K, used 1536K [0x00000000eab00000, 0x00000000eb300000, 0x0000000100000000)
  eden space 2048K, 0% used [0x00000000eab00000,0x00000000eab00000,0x00000000ead00000)
  from space 1536K, 100% used [0x00000000ead00000,0x00000000eae80000,0x00000000eae80000)
  to   space 3072K, 0% used [0x00000000eb000000,0x00000000eb000000,0x00000000eb300000)
 ParOldGen       total 318976K, used 254819K [0x00000000c0000000, 0x00000000d3780000, 0x00000000eab00000)
  object space 318976K, 79% used [0x00000000c0000000,0x00000000cf8d8cd0,0x00000000d3780000)
 Metaspace       used 95521K, committed 96960K, reserved 1179648K
  class space    used 9530K, committed 10112K, reserved 1048576K
}
Event: 4595.141 GC heap before
{Heap before GC invocations=8729 (full 113):
 PSYoungGen      total 3584K, used 3584K [0x00000000eab00000, 0x00000000eb300000, 0x0000000100000000)
  eden space 2048K, 100% used [0x00000000eab00000,0x00000000ead00000,0x00000000ead00000)
  from space 1536K, 100% used [0x00000000ead00000,0x00000000eae80000,0x00000000eae80000)
  to   space 3072K, 0% used [0x00000000eb000000,0x00000000eb000000,0x00000000eb300000)
 ParOldGen       total 318976K, used 254819K [0x00000000c0000000, 0x00000000d3780000, 0x00000000eab00000)
  object space 318976K, 79% used [0x00000000c0000000,0x00000000cf8d8cd0,0x00000000d3780000)
 Metaspace       used 95521K, committed 96960K, reserved 1179648K
  class space    used 9530K, committed 10112K, reserved 1048576K
}
Event: 4595.143 GC heap after
{Heap after GC invocations=8729 (full 113):
 PSYoungGen      total 5120K, used 2112K [0x00000000eab00000, 0x00000000eb280000, 0x0000000100000000)
  eden space 2560K, 0% used [0x00000000eab00000,0x00000000eab00000,0x00000000ead80000)
  from space 2560K, 82% used [0x00000000eb000000,0x00000000eb210000,0x00000000eb280000)
  to   space 2560K, 0% used [0x00000000ead80000,0x00000000ead80000,0x00000000eb000000)
 ParOldGen       total 318976K, used 256331K [0x00000000c0000000, 0x00000000d3780000, 0x00000000eab00000)
  object space 318976K, 80% used [0x00000000c0000000,0x00000000cfa52cd0,0x00000000d3780000)
 Metaspace       used 95521K, committed 96960K, reserved 1179648K
  class space    used 9530K, committed 10112K, reserved 1048576K
}
Event: 4595.158 GC heap before
{Heap before GC invocations=8730 (full 113):
 PSYoungGen      total 5120K, used 4672K [0x00000000eab00000, 0x00000000eb280000, 0x0000000100000000)
  eden space 2560K, 100% used [0x00000000eab00000,0x00000000ead80000,0x00000000ead80000)
  from space 2560K, 82% used [0x00000000eb000000,0x00000000eb210000,0x00000000eb280000)
  to   space 2560K, 0% used [0x00000000ead80000,0x00000000ead80000,0x00000000eb000000)
 ParOldGen       total 318976K, used 256331K [0x00000000c0000000, 0x00000000d3780000, 0x00000000eab00000)
  object space 318976K, 80% used [0x00000000c0000000,0x00000000cfa52cd0,0x00000000d3780000)
 Metaspace       used 95521K, committed 96960K, reserved 1179648K
  class space    used 9530K, committed 10112K, reserved 1048576K
}
Event: 4595.161 GC heap after
{Heap after GC invocations=8730 (full 113):
 PSYoungGen      total 5120K, used 2208K [0x00000000eab00000, 0x00000000eb300000, 0x0000000100000000)
  eden space 2560K, 0% used [0x00000000eab00000,0x00000000eab00000,0x00000000ead80000)
  from space 2560K, 86% used [0x00000000ead80000,0x00000000eafa8000,0x00000000eb000000)
  to   space 2560K, 0% used [0x00000000eb080000,0x00000000eb080000,0x00000000eb300000)
 ParOldGen       total 318976K, used 258387K [0x00000000c0000000, 0x00000000d3780000, 0x00000000eab00000)
  object space 318976K, 81% used [0x00000000c0000000,0x00000000cfc54cd0,0x00000000d3780000)
 Metaspace       used 95521K, committed 96960K, reserved 1179648K
  class space    used 9530K, committed 10112K, reserved 1048576K
}
Event: 4596.815 GC heap before
{Heap before GC invocations=8731 (full 113):
 PSYoungGen      total 5120K, used 4768K [0x00000000eab00000, 0x00000000eb300000, 0x0000000100000000)
  eden space 2560K, 100% used [0x00000000eab00000,0x00000000ead80000,0x00000000ead80000)
  from space 2560K, 86% used [0x00000000ead80000,0x00000000eafa8000,0x00000000eb000000)
  to   space 2560K, 0% used [0x00000000eb080000,0x00000000eb080000,0x00000000eb300000)
 ParOldGen       total 318976K, used 258387K [0x00000000c0000000, 0x00000000d3780000, 0x00000000eab00000)
  object space 318976K, 81% used [0x00000000c0000000,0x00000000cfc54cd0,0x00000000d3780000)
 Metaspace       used 95526K, committed 96960K, reserved 1179648K
  class space    used 9530K, committed 10112K, reserved 1048576K
}
Event: 4596.818 GC heap after
{Heap after GC invocations=8731 (full 113):
 PSYoungGen      total 4608K, used 1722K [0x00000000eab00000, 0x00000000eb280000, 0x0000000100000000)
  eden space 2560K, 0% used [0x00000000eab00000,0x00000000eab00000,0x00000000ead80000)
  from space 2048K, 84% used [0x00000000eb080000,0x00000000eb22e900,0x00000000eb280000)
  to   space 2048K, 0% used [0x00000000eae80000,0x00000000eae80000,0x00000000eb080000)
 ParOldGen       total 318976K, used 260067K [0x00000000c0000000, 0x00000000d3780000, 0x00000000eab00000)
  object space 318976K, 81% used [0x00000000c0000000,0x00000000cfdf8cd0,0x00000000d3780000)
 Metaspace       used 95526K, committed 96960K, reserved 1179648K
  class space    used 9530K, committed 10112K, reserved 1048576K
}
Event: 4596.831 GC heap before
{Heap before GC invocations=8732 (full 113):
 PSYoungGen      total 4608K, used 4282K [0x00000000eab00000, 0x00000000eb280000, 0x0000000100000000)
  eden space 2560K, 100% used [0x00000000eab00000,0x00000000ead80000,0x00000000ead80000)
  from space 2048K, 84% used [0x00000000eb080000,0x00000000eb22e900,0x00000000eb280000)
  to   space 2048K, 0% used [0x00000000eae80000,0x00000000eae80000,0x00000000eb080000)
 ParOldGen       total 318976K, used 260067K [0x00000000c0000000, 0x00000000d3780000, 0x00000000eab00000)
  object space 318976K, 81% used [0x00000000c0000000,0x00000000cfdf8cd0,0x00000000d3780000)
 Metaspace       used 95527K, committed 96960K, reserved 1179648K
  class space    used 9530K, committed 10112K, reserved 1048576K
}
Event: 4596.843 GC heap after
{Heap after GC invocations=8732 (full 113):
 PSYoungGen      total 4096K, used 736K [0x00000000eab00000, 0x00000000eb100000, 0x0000000100000000)
  eden space 3072K, 0% used [0x00000000eab00000,0x00000000eab00000,0x00000000eae00000)
  from space 1024K, 71% used [0x00000000eae80000,0x00000000eaf38000,0x00000000eaf80000)
  to   space 1536K, 0% used [0x00000000eaf80000,0x00000000eaf80000,0x00000000eb100000)
 ParOldGen       total 318976K, used 261695K [0x00000000c0000000, 0x00000000d3780000, 0x00000000eab00000)
  object space 318976K, 82% used [0x00000000c0000000,0x00000000cff8fed0,0x00000000d3780000)
 Metaspace       used 95527K, committed 96960K, reserved 1179648K
  class space    used 9530K, committed 10112K, reserved 1048576K
}
Event: 4596.855 GC heap before
{Heap before GC invocations=8733 (full 113):
 PSYoungGen      total 4096K, used 3807K [0x00000000eab00000, 0x00000000eb100000, 0x0000000100000000)
  eden space 3072K, 99% used [0x00000000eab00000,0x00000000eadfffe8,0x00000000eae00000)
  from space 1024K, 71% used [0x00000000eae80000,0x00000000eaf38000,0x00000000eaf80000)
  to   space 1536K, 0% used [0x00000000eaf80000,0x00000000eaf80000,0x00000000eb100000)
 ParOldGen       total 318976K, used 261695K [0x00000000c0000000, 0x00000000d3780000, 0x00000000eab00000)
  object space 318976K, 82% used [0x00000000c0000000,0x00000000cff8fed0,0x00000000d3780000)
 Metaspace       used 95528K, committed 96960K, reserved 1179648K
  class space    used 9530K, committed 10112K, reserved 1048576K
}
Event: 4596.857 GC heap after
{Heap after GC invocations=8733 (full 113):
 PSYoungGen      total 4608K, used 1044K [0x00000000eab00000, 0x00000000eb200000, 0x0000000100000000)
  eden space 3072K, 0% used [0x00000000eab00000,0x00000000eab00000,0x00000000eae00000)
  from space 1536K, 68% used [0x00000000eaf80000,0x00000000eb085200,0x00000000eb100000)
  to   space 1536K, 0% used [0x00000000eae00000,0x00000000eae00000,0x00000000eaf80000)
 ParOldGen       total 318976K, used 261923K [0x00000000c0000000, 0x00000000d3780000, 0x00000000eab00000)
  object space 318976K, 82% used [0x00000000c0000000,0x00000000cffc8ee0,0x00000000d3780000)
 Metaspace       used 95528K, committed 96960K, reserved 1179648K
  class space    used 9530K, committed 10112K, reserved 1048576K
}
Event: 4596.872 GC heap before
{Heap before GC invocations=8734 (full 113):
 PSYoungGen      total 4608K, used 3839K [0x00000000eab00000, 0x00000000eb200000, 0x0000000100000000)
  eden space 3072K, 90% used [0x00000000eab00000,0x00000000eadbad58,0x00000000eae00000)
  from space 1536K, 68% used [0x00000000eaf80000,0x00000000eb085200,0x00000000eb100000)
  to   space 1536K, 0% used [0x00000000eae00000,0x00000000eae00000,0x00000000eaf80000)
 ParOldGen       total 318976K, used 261923K [0x00000000c0000000, 0x00000000d3780000, 0x00000000eab00000)
  object space 318976K, 82% used [0x00000000c0000000,0x00000000cffc8ee0,0x00000000d3780000)
 Metaspace       used 95530K, committed 96960K, reserved 1179648K
  class space    used 9530K, committed 10112K, reserved 1048576K
}
Event: 4596.874 GC heap after
{Heap after GC invocations=8734 (full 113):
 PSYoungGen      total 4608K, used 976K [0x00000000eab00000, 0x00000000eb100000, 0x0000000100000000)
  eden space 3072K, 0% used [0x00000000eab00000,0x00000000eab00000,0x00000000eae00000)
  from space 1536K, 63% used [0x00000000eae00000,0x00000000eaef4010,0x00000000eaf80000)
  to   space 1024K, 0% used [0x00000000eb000000,0x00000000eb000000,0x00000000eb100000)
 ParOldGen       total 318976K, used 262658K [0x00000000c0000000, 0x00000000d3780000, 0x00000000eab00000)
  object space 318976K, 82% used [0x00000000c0000000,0x00000000d0080b00,0x00000000d3780000)
 Metaspace       used 95530K, committed 96960K, reserved 1179648K
  class space    used 9530K, committed 10112K, reserved 1048576K
}

